JVM info: Microsoft - 21.0.4 - 21.0.4+7-LTS
java.net.preferIPv4Stack=true
Found java version 21.0.4
Installing server to current directory
MESSAGE: Data kindly mirrored by CreeperHost at https://creeperhost.net/
MESSAGE: Considering minecraft server jar
MESSAGE: Downloading minecraft server version 1.8
MESSAGE:   Downloading library from https://launcher.mojang.com/v1/objects/a028f00e678ee5c6aef0e29656dca091b5df11c7/server.jar
MESSAGE:     Download completed: Checksum validated.
MESSAGE: Considering library net.minecraftforge:forge:1.8-11.14.4.1577: Not Downloading {Wrong Side}
MESSAGE: Considering library io.netty:netty-all:4.0.15.Final
MESSAGE: Downloading library io.netty:netty-all:4.0.15.Final
MESSAGE: Trying unpacked library io.netty:netty-all:4.0.15.Final
MESSAGE: Considering library net.minecraft:launchwrapper:1.12
MESSAGE: Downloading library net.minecraft:launchwrapper:1.12
MESSAGE: Trying unpacked library net.minecraft:launchwrapper:1.12
MESSAGE: Considering library org.ow2.asm:asm-all:5.0.3
MESSAGE: Downloading library org.ow2.asm:asm-all:5.0.3
MESSAGE: Trying unpacked library org.ow2.asm:asm-all:5.0.3
MESSAGE: Considering library com.typesafe.akka:akka-actor_2.11:2.3.3
MESSAGE: Downloading library com.typesafe.akka:akka-actor_2.11:2.3.3
MESSAGE: Trying unpacked library com.typesafe.akka:akka-actor_2.11:2.3.3
MESSAGE: Considering library com.typesafe:config:1.2.1
MESSAGE: Downloading library com.typesafe:config:1.2.1
MESSAGE: Trying unpacked library com.typesafe:config:1.2.1
MESSAGE: Considering library org.scala-lang:scala-actors-migration_2.11:1.1.0
MESSAGE: Downloading library org.scala-lang:scala-actors-migration_2.11:1.1.0
MESSAGE: Trying unpacked library org.scala-lang:scala-actors-migration_2.11:1.1.0
MESSAGE: Considering library org.scala-lang:scala-compiler:2.11.1
MESSAGE: Downloading library org.scala-lang:scala-compiler:2.11.1
MESSAGE: Trying unpacked library org.scala-lang:scala-compiler:2.11.1
MESSAGE: Considering library org.scala-lang.plugins:scala-continuations-library_2.11:1.0.2
MESSAGE: Downloading library org.scala-lang.plugins:scala-continuations-library_2.11:1.0.2
MESSAGE: Trying unpacked library org.scala-lang.plugins:scala-continuations-library_2.11:1.0.2
MESSAGE: Considering library org.scala-lang.plugins:scala-continuations-plugin_2.11.1:1.0.2
MESSAGE: Downloading library org.scala-lang.plugins:scala-continuations-plugin_2.11.1:1.0.2
MESSAGE: Trying unpacked library org.scala-lang.plugins:scala-continuations-plugin_2.11.1:1.0.2
MESSAGE: Considering library org.scala-lang:scala-library:2.11.1
MESSAGE: Downloading library org.scala-lang:scala-library:2.11.1
MESSAGE: Trying unpacked library org.scala-lang:scala-library:2.11.1
MESSAGE: Considering library org.scala-lang:scala-parser-combinators_2.11:1.0.1
MESSAGE: Downloading library org.scala-lang:scala-parser-combinators_2.11:1.0.1
MESSAGE: Trying unpacked library org.scala-lang:scala-parser-combinators_2.11:1.0.1
MESSAGE: Considering library org.scala-lang:scala-reflect:2.11.1
MESSAGE: Downloading library org.scala-lang:scala-reflect:2.11.1
MESSAGE: Trying unpacked library org.scala-lang:scala-reflect:2.11.1
MESSAGE: Considering library org.scala-lang:scala-swing_2.11:1.0.1
MESSAGE: Downloading library org.scala-lang:scala-swing_2.11:1.0.1
MESSAGE: Trying unpacked library org.scala-lang:scala-swing_2.11:1.0.1
MESSAGE: Considering library org.scala-lang:scala-xml_2.11:1.0.2
MESSAGE: Downloading library org.scala-lang:scala-xml_2.11:1.0.2
MESSAGE: Trying unpacked library org.scala-lang:scala-xml_2.11:1.0.2
MESSAGE: Considering library lzma:lzma:0.0.1
MESSAGE: Downloading library lzma:lzma:0.0.1
MESSAGE: Trying unpacked library lzma:lzma:0.0.1
MESSAGE: Considering library net.sf.jopt-simple:jopt-simple:4.5
MESSAGE: Downloading library net.sf.jopt-simple:jopt-simple:4.5
MESSAGE: Trying unpacked library net.sf.jopt-simple:jopt-simple:4.5
Extracting: /forge-1.8-11.14.4.1577-universal.jar
To:          /workspaces/TORNEOFINAL/servidor_minecraft/./forge-1.8-11.14.4.1577-universal.jar
The server installed successfully, you should now be able to run the file forge-1.8-11.14.4.1577-universal.jar
You can delete this installer file now if you wish
