[14:52:17] [main/DEBUG] [FML/]: Injecting tracing printstreams for STDOUT/STDERR.
[14:52:17] [main/INFO] [FML/]: Forge Mod Loader version 11.14.4.1577 for Minecraft 1.8 loading
[14:52:17] [main/INFO] [FML/]: Java is OpenJDK 64-Bit Server VM, version 1.8.0_432, running on Linux:amd64:6.5.0-1025-azure, installed at /usr/lib/jvm/java-8-openjdk-amd64/jre
[14:52:17] [main/DEBUG] [FML/]: Java classpath at launch is /workspaces/TORNEOFINAL/servidor_minecraft/forge-1.8-11.14.4.1577-universal.jar
[14:52:17] [main/DEBUG] [FML/]: Java library path at launch is /tmp/_MEI2nRuc6:/usr/java/packages/lib/amd64:/usr/lib/x86_64-linux-gnu/jni:/lib/x86_64-linux-gnu:/usr/lib/x86_64-linux-gnu:/usr/lib/jni:/lib:/usr/lib
[14:52:17] [main/DEBUG] [FML/]: Enabling runtime deobfuscation
[14:52:17] [main/DEBUG] [FML/]: Instantiating coremod class FMLCorePlugin
[14:52:17] [main/DEBUG] [FML/]: Added access transformer class net.minecraftforge.fml.common.asm.transformers.AccessTransformer to enqueued access transformers
[14:52:17] [main/DEBUG] [FML/]: Enqueued coremod FMLCorePlugin
[14:52:17] [main/DEBUG] [FML/]: Instantiating coremod class FMLForgePlugin
[14:52:17] [main/DEBUG] [FML/]: Enqueued coremod FMLForgePlugin
[14:52:17] [main/DEBUG] [FML/]: All fundamental core mods are successfully located
[14:52:17] [main/DEBUG] [FML/]: Attempting to load commandline specified mods, relative to /workspaces/TORNEOFINAL/servidor_minecraft/.
[14:52:17] [main/DEBUG] [FML/]: Discovering coremods
[14:52:17] [main/DEBUG] [FML/]: Examining for coremod candidacy BanManager.jar
[14:52:17] [main/DEBUG] [FML/]: Not found coremod data in BanManager.jar
[14:52:17] [main/DEBUG] [FML/]: Examining for coremod candidacy FTBUtilities-1.8-1.0.11.2.jar
[14:52:17] [main/DEBUG] [FML/]: Not found coremod data in FTBUtilities-1.8-1.0.11.2.jar
[14:52:17] [main/DEBUG] [FML/]: Examining for coremod candidacy NoSwear.jar
[14:52:17] [main/DEBUG] [FML/]: Not found coremod data in NoSwear.jar
[14:52:17] [main/DEBUG] [FML/]: Examining for coremod candidacy worldedit-forge-mc1.8-6.1.jar
[14:52:17] [main/DEBUG] [FML/]: Not found coremod data in worldedit-forge-mc1.8-6.1.jar
[14:52:17] [main/INFO] [LaunchWrapper/]: Loading tweak class name net.minecraftforge.fml.common.launcher.FMLInjectionAndSortingTweaker
[14:52:17] [main/INFO] [LaunchWrapper/]: Loading tweak class name net.minecraftforge.fml.common.launcher.FMLDeobfTweaker
[14:52:17] [main/INFO] [LaunchWrapper/]: Calling tweak class net.minecraftforge.fml.common.launcher.FMLInjectionAndSortingTweaker
[14:52:17] [main/INFO] [LaunchWrapper/]: Calling tweak class net.minecraftforge.fml.common.launcher.FMLInjectionAndSortingTweaker
[14:52:17] [main/INFO] [LaunchWrapper/]: Calling tweak class net.minecraftforge.fml.relauncher.CoreModManager$FMLPluginWrapper
[14:52:17] [main/DEBUG] [FML/]: Injecting coremod FMLCorePlugin {net.minecraftforge.fml.relauncher.FMLCorePlugin} class transformers
[14:52:17] [main/TRACE] [FML/]: Registering transformer net.minecraftforge.fml.common.asm.transformers.BlamingTransformer
[14:52:17] [main/TRACE] [FML/]: Registering transformer net.minecraftforge.fml.common.asm.transformers.SideTransformer
[14:52:17] [main/TRACE] [FML/]: Registering transformer net.minecraftforge.fml.common.asm.transformers.EventSubscriptionTransformer
[14:52:17] [main/TRACE] [FML/]: Registering transformer net.minecraftforge.fml.common.asm.transformers.EventSubscriberTransformer
[14:52:17] [main/DEBUG] [FML/]: Injection complete
[14:52:17] [main/DEBUG] [FML/]: Running coremod plugin for FMLCorePlugin {net.minecraftforge.fml.relauncher.FMLCorePlugin}
[14:52:17] [main/DEBUG] [FML/]: Running coremod plugin FMLCorePlugin
[14:52:18] [main/DEBUG] [FML/]: Read 790 binary patches
[14:52:19] [main/ERROR] [FML/]: FML appears to be missing any signature data. This is not a good thing
[14:52:19] [main/DEBUG] [FML/]: Coremod plugin class FMLCorePlugin run successfully
[14:52:19] [main/INFO] [LaunchWrapper/]: Calling tweak class net.minecraftforge.fml.relauncher.CoreModManager$FMLPluginWrapper
[14:52:19] [main/DEBUG] [FML/]: Injecting coremod FMLForgePlugin {net.minecraftforge.classloading.FMLForgePlugin} class transformers
[14:52:19] [main/TRACE] [FML/]: Registering transformer net.minecraftforge.classloading.FluidIdTransformer
[14:52:19] [main/DEBUG] [FML/]: Injection complete
[14:52:19] [main/DEBUG] [FML/]: Running coremod plugin for FMLForgePlugin {net.minecraftforge.classloading.FMLForgePlugin}
[14:52:19] [main/DEBUG] [FML/]: Running coremod plugin FMLForgePlugin
[14:52:19] [main/DEBUG] [FML/]: Coremod plugin class FMLForgePlugin run successfully
[14:52:19] [main/INFO] [LaunchWrapper/]: Calling tweak class net.minecraftforge.fml.common.launcher.FMLDeobfTweaker
[14:52:19] [main/DEBUG] [FML/]: Loaded 159 rules from AccessTransformer config file forge_at.cfg
[14:52:19] [main/DEBUG] [FML/]: Validating minecraft
[14:52:19] [main/DEBUG] [FML/]: Minecraft validated, launching...
[14:52:19] [main/INFO] [LaunchWrapper/]: Loading tweak class name net.minecraftforge.fml.common.launcher.TerminalTweaker
[14:52:19] [main/INFO] [LaunchWrapper/]: Calling tweak class net.minecraftforge.fml.common.launcher.TerminalTweaker
[14:52:19] [main/INFO] [LaunchWrapper/]: Launching wrapped minecraft {net.minecraft.server.MinecraftServer}
[14:52:24] [Server thread/INFO] [MinecraftForge/]: Attempting early MinecraftForge initialization
[14:52:24] [Server thread/INFO] [FML/]: MinecraftForge v11.14.4.1577 Initialized
[14:52:24] [Server thread/INFO] [FML/]: Replaced 204 ore recipies
[14:52:24] [Server thread/INFO] [MinecraftForge/]: Completed early MinecraftForge initialization
[14:52:24] [Server thread/DEBUG] [FML/]: File /workspaces/TORNEOFINAL/servidor_minecraft/config/injectedDependencies.json not found. No dependencies injected
[14:52:24] [Server thread/DEBUG] [FML/]: Building injected Mod Containers [net.minecraftforge.fml.common.FMLContainer, net.minecraftforge.common.ForgeModContainer]
[14:52:24] [Server thread/DEBUG] [FML/]: Attempting to load mods contained in the minecraft jar file and associated classes
[14:52:24] [Server thread/DEBUG] [FML/]: Minecraft is a file at /workspaces/TORNEOFINAL/servidor_minecraft/forge-1.8-11.14.4.1577-universal.jar, loading
[14:52:24] [Server thread/DEBUG] [FML/]: Minecraft jar mods loaded successfully
[14:52:24] [Server thread/INFO] [FML/]: Found 0 mods from the command line. Injecting into mod discoverer
[14:52:24] [Server thread/INFO] [FML/]: Searching /workspaces/TORNEOFINAL/servidor_minecraft/mods for mods
[14:52:24] [Server thread/DEBUG] [FML/]: Found a candidate zip or jar file BanManager.jar
[14:52:24] [Server thread/DEBUG] [FML/]: Found a candidate zip or jar file FTBUtilities-1.8-1.0.11.2.jar
[14:52:24] [Server thread/DEBUG] [FML/]: Found a candidate zip or jar file NoSwear.jar
[14:52:24] [Server thread/DEBUG] [FML/]: Found a candidate zip or jar file worldedit-forge-mc1.8-6.1.jar
[14:52:24] [Server thread/DEBUG] [FML/]: Examining file forge-1.8-11.14.4.1577-universal.jar for potential mods
[14:52:24] [Server thread/DEBUG] [FML/]: The mod container forge-1.8-11.14.4.1577-universal.jar appears to be missing an mcmod.info file
[14:52:25] [Server thread/DEBUG] [FML/]: Examining file BanManager.jar for potential mods
[14:52:25] [Server thread/DEBUG] [FML/]: The mod container BanManager.jar appears to be missing an mcmod.info file
[14:52:25] [Server thread/DEBUG] [FML/]: Examining file FTBUtilities-1.8-1.0.11.2.jar for potential mods
[14:52:25] [Server thread/TRACE] [FML/]: Located mcmod.info file in file FTBUtilities-1.8-1.0.11.2.jar
[14:52:25] [Server thread/DEBUG] [FML/]: Identified a mod of type Lnet/minecraftforge/fml/common/Mod; (latmod.ftbu.mod.FTBU) - loading
[14:52:25] [Server thread/TRACE] [FTBU/]: Parsed dependency info : [FTBL] [FTBL, Baubles, Waila] []
[14:52:25] [Server thread/DEBUG] [FML/]: Examining file NoSwear.jar for potential mods
[14:52:25] [Server thread/DEBUG] [FML/]: The mod container NoSwear.jar appears to be missing an mcmod.info file
[14:52:25] [Server thread/DEBUG] [FML/]: Examining file worldedit-forge-mc1.8-6.1.jar for potential mods
[14:52:25] [Server thread/TRACE] [FML/]: Located mcmod.info file in file worldedit-forge-mc1.8-6.1.jar
[14:52:25] [Server thread/DEBUG] [FML/]: Identified a mod of type Lnet/minecraftforge/fml/common/Mod; (com.sk89q.worldedit.forge.ForgeWorldEdit) - loading
[14:52:25] [Server thread/TRACE] [worldedit/]: Parsed dependency info : [] [] []
[14:52:25] [Server thread/INFO] [FML/]: Forge Mod Loader has identified 5 mods to load
[14:52:25] [Server thread/TRACE] [FML/]: Received a system property request ''
[14:52:25] [Server thread/TRACE] [FML/]: System property request managing the state of 0 mods
[14:52:25] [Server thread/DEBUG] [FML/]: After merging, found state information for 0 mods
[14:52:25] [Server thread/DEBUG] [FML/]: Found translations in forge-1.8-11.14.4.1577-universal.jar [af_ZA, ar_SA, br_FR, ca_ES, cs_CZ, da_DK, de_DE, el_GR, en_US, es_ES, fa_IR, fi_FI, fr_FR, he_IL, hu_HU, it_IT, ja_JP, ko_KR, lt_LT, nb_NO, nl_NL, nn_NO, no_NO, pl_PL, pt_BR, pt_PT, ro_RO, ru_RU, sl_SI, sr_SP, sv_SE, tr_TR, uk_UA, vi_VN, zh_CN, zh_TW]
[14:52:25] [Server thread/DEBUG] [FML/]: Found translations in forge-1.8-11.14.4.1577-universal.jar [af_ZA, ar_SA, br_FR, ca_ES, cs_CZ, da_DK, de_DE, el_GR, en_US, es_ES, fa_IR, fi_FI, fr_FR, he_IL, hu_HU, it_IT, ja_JP, ko_KR, lt_LT, nb_NO, nl_NL, nn_NO, no_NO, pl_PL, pt_BR, pt_PT, ro_RO, ru_RU, sl_SI, sr_SP, sv_SE, tr_TR, uk_UA, vi_VN, zh_CN, zh_TW]
[14:52:25] [Server thread/DEBUG] [FTBU/]: Enabling mod FTBU
[14:52:25] [Server thread/DEBUG] [FML/]: Found translations in FTBUtilities-1.8-1.0.11.2.jar [en_US, fr_FR]
[14:52:25] [Server thread/DEBUG] [worldedit/]: Enabling mod worldedit
[14:52:25] [Server thread/TRACE] [FML/]: Verifying mod requirements are satisfied
[14:52:25] [Server thread/ERROR] [FML/]: The mod FTBU (FTBUtilities) requires mods [FTBL] to be available
[14:52:25] [Server thread/DEBUG] [FML/]: Mod sorting data
[14:52:25] [Server thread/DEBUG] [FML/]: 	FTBU(FTBUtilities:1.0.11): FTBUtilities-1.8-1.0.11.2.jar (required-after:FTBL;after:Baubles;after:Waila)
[14:52:25] [Server thread/DEBUG] [FML/]: 	worldedit(WorldEdit:6.1): worldedit-forge-mc1.8-6.1.jar ()
